2025-06-11 16:31:43,562 - INFO - Cookies 设置成功
2025-06-11 16:31:44,783 - INFO - 页面加载完成
2025-06-11 16:31:45,986 - INFO - 浏览器和Playwright资源已关闭
2025-06-11 16:32:11,303 - INFO - Cookies 设置成功
2025-06-11 16:32:12,539 - INFO - 页面加载完成
2025-06-11 16:33:23,689 - INFO - Cookies 设置成功
2025-06-11 16:33:24,853 - INFO - 页面加载完成
2025-06-11 16:33:35,426 - INFO - 浏览器和Playwright资源已关闭
2025-06-11 16:33:44,762 - INFO - Cookies 设置成功
2025-06-11 16:33:45,794 - INFO - 页面加载完成
2025-06-11 16:33:56,289 - INFO - 浏览器和Playwright资源已关闭
2025-06-11 16:49:11,445 - INFO - Cookies 设置成功
2025-06-11 16:49:14,314 - INFO - 页面加载完成
2025-06-11 16:50:25,890 - INFO - Cookies 设置成功
2025-06-11 16:50:26,884 - INFO - 页面加载完成
2025-06-11 17:01:09,483 - INFO - Cookies 设置成功
2025-06-11 17:01:10,510 - INFO - 页面加载完成
2025-06-11 17:01:14,003 - INFO - 浏览器和Playwright资源已关闭
2025-06-11 17:01:26,645 - INFO - Cookies 设置成功
2025-06-11 17:01:27,829 - INFO - 页面加载完成
2025-06-11 17:01:41,282 - INFO - 浏览器和Playwright资源已关闭
2025-06-11 17:03:29,384 - INFO - Cookies 设置成功
2025-06-11 17:03:30,412 - INFO - 页面加载完成
2025-06-11 17:03:43,925 - INFO - 浏览器和Playwright资源已关闭
2025-06-11 17:04:10,292 - INFO - Cookies 设置成功
2025-06-11 17:04:11,601 - INFO - 页面加载完成
2025-06-11 17:04:30,196 - INFO - 浏览器和Playwright资源已关闭
2025-06-11 17:07:54,101 - INFO - Cookies 设置成功
2025-06-11 17:07:55,225 - INFO - 页面加载完成
2025-06-11 17:07:58,807 - INFO - 浏览器和Playwright资源已关闭
2025-06-11 17:08:06,532 - INFO - Cookies 设置成功
2025-06-11 17:08:09,193 - INFO - 页面加载完成
2025-06-11 17:08:22,755 - INFO - 浏览器和Playwright资源已关闭
2025-06-11 17:10:16,722 - INFO - Cookies 设置成功
2025-06-11 17:10:17,864 - INFO - 页面加载完成
2025-06-11 17:10:31,834 - INFO - 浏览器和Playwright资源已关闭
2025-06-11 17:21:42,070 - INFO - Cookies 设置成功
2025-06-11 17:21:43,179 - INFO - 页面加载完成
2025-06-11 17:21:45,470 - INFO - 找到 90 个下载按钮
2025-06-11 17:21:45,561 - INFO - 已下载 1 个视频
2025-06-11 17:21:47,618 - INFO - 已下载 2 个视频
2025-06-11 17:21:49,811 - INFO - 已下载 3 个视频
2025-06-11 17:21:51,828 - INFO - 共下载了 3 个视频
2025-06-11 17:21:52,072 - INFO - 浏览器和Playwright资源已关闭
2025-06-11 17:24:16,778 - INFO - Cookies 设置成功
2025-06-11 17:24:17,852 - INFO - 页面加载完成
2025-06-11 17:24:20,213 - INFO - 找到 30 个下载按钮
2025-06-11 17:24:20,399 - INFO - 已下载 1 个视频
2025-06-11 17:24:22,521 - INFO - 已下载 2 个视频
2025-06-11 17:24:24,617 - INFO - 已下载 3 个视频
2025-06-11 17:24:26,628 - INFO - 共下载了 3 个视频
2025-06-11 17:24:26,846 - INFO - 浏览器和Playwright资源已关闭
2025-06-11 17:28:39,209 - INFO - Cookies 设置成功
2025-06-11 17:28:40,240 - INFO - 页面加载完成
2025-06-11 17:28:43,157 - INFO - 找到 30 个下载按钮
2025-06-11 17:28:43,343 - INFO - 已下载 1 个视频
2025-06-11 17:28:45,445 - INFO - 已下载 2 个视频
2025-06-11 17:28:47,552 - INFO - 已下载 3 个视频
2025-06-11 17:28:49,567 - INFO - 共下载了 3 个视频
2025-06-11 17:28:49,804 - INFO - 浏览器和Playwright资源已关闭
2025-06-11 17:31:46,904 - INFO - Cookies 设置成功
2025-06-11 17:31:47,943 - INFO - 页面加载完成
2025-06-11 17:31:50,162 - INFO - 找到 30 个下载按钮
2025-06-11 17:33:04,438 - INFO - Cookies 设置成功
2025-06-11 17:33:05,542 - INFO - 页面加载完成
2025-06-11 17:33:07,733 - INFO - 找到 30 个下载按钮
2025-06-11 17:34:30,236 - INFO - Cookies 设置成功
2025-06-11 17:34:31,469 - INFO - 页面加载完成
2025-06-11 17:34:33,801 - INFO - 找到 30 个下载按钮
2025-06-11 17:34:34,793 - INFO - 已保存: D:\PycharmProjects\HaiLuoApi\hailuoai_automator\downloads\389133692998914049.mp4
2025-06-11 17:34:34,939 - INFO - 已保存: D:\PycharmProjects\HaiLuoApi\hailuoai_automator\downloads\389133692998914049.mp4
2025-06-11 17:34:34,999 - INFO - 已保存: D:\PycharmProjects\HaiLuoApi\hailuoai_automator\downloads\389133692998914049.mp4
2025-06-11 17:34:34,999 - INFO - 共下载了 3 个视频
2025-06-11 17:34:35,250 - INFO - 浏览器和Playwright资源已关闭
2025-06-11 17:36:46,885 - INFO - Cookies 设置成功
2025-06-11 17:36:48,617 - INFO - 页面加载完成
2025-06-11 17:36:50,690 - INFO - 找到 30 个下载按钮
2025-06-11 17:36:51,367 - INFO - 已保存: D:\PycharmProjects\HaiLuoApi\hailuoai_automator\downloads\389133692998914049.mp4
2025-06-11 17:36:51,420 - INFO - 已保存: D:\PycharmProjects\HaiLuoApi\hailuoai_automator\downloads\389133692998914049.mp4
2025-06-11 17:36:51,486 - INFO - 已保存: D:\PycharmProjects\HaiLuoApi\hailuoai_automator\downloads\389133692998914049.mp4
2025-06-11 17:36:51,486 - INFO - 共下载了 3 个视频
2025-06-11 17:36:51,671 - INFO - 浏览器和Playwright资源已关闭
2025-06-11 17:37:30,371 - INFO - Cookies 设置成功
2025-06-11 17:37:31,645 - INFO - 页面加载完成
2025-06-11 17:37:33,895 - INFO - 找到 30 个下载按钮
2025-06-11 17:41:22,607 - INFO - Cookies 设置成功
2025-06-11 17:41:26,613 - INFO - 页面加载完成
2025-06-11 17:41:26,632 - INFO - 当前找到 0 个下载按钮
2025-06-11 17:41:38,016 - INFO - Cookies 设置成功
2025-06-11 17:41:39,096 - INFO - 页面加载完成
2025-06-11 17:41:39,119 - INFO - 当前找到 0 个下载按钮
2025-06-11 17:41:39,386 - INFO - 正在滚动以加载更多内容...
2025-06-11 17:41:42,408 - INFO - 当前找到 30 个下载按钮
2025-06-11 17:41:43,300 - INFO - 已保存: D:\PycharmProjects\HaiLuoApi\hailuoai_automator\downloads\389133692998914049.mp4
2025-06-11 17:41:43,889 - INFO - 已保存: D:\PycharmProjects\HaiLuoApi\hailuoai_automator\downloads\389133646945460224.mp4
2025-06-11 17:41:44,501 - INFO - 已保存: D:\PycharmProjects\HaiLuoApi\hailuoai_automator\downloads\389133393735311362.mp4
2025-06-11 17:41:44,501 - INFO - 共下载了 3 个视频
2025-06-11 17:41:44,711 - INFO - 浏览器和Playwright资源已关闭
2025-06-11 18:04:01,029 - INFO - Cookies 设置成功
2025-06-11 18:04:01,460 - INFO - 浏览器和Playwright资源已关闭
2025-06-11 18:04:47,626 - INFO - Cookies 设置成功
2025-06-11 18:04:47,919 - INFO - 使用图片：record\reference_image\1 (3).png，提示词：[左移]
2025-06-11 18:04:48,626 - INFO - 页面加载完成
2025-06-11 18:05:01,100 - INFO - 使用图片：record\reference_image\1 (2).png，提示词：[左移]
2025-06-11 18:05:01,357 - INFO - 页面加载完成
2025-06-11 18:05:13,942 - INFO - 使用图片：record\reference_image\2 (3).jpg，提示词：[右移,左摇,跟随]
2025-06-11 18:05:14,178 - INFO - 页面加载完成
2025-06-11 18:05:26,633 - INFO - 第 1 批完成，共执行 3 次
2025-06-11 18:05:26,633 - INFO - 等待 20 分钟以继续下一批...
2025-06-11 18:07:03,831 - INFO - Cookies 设置成功
2025-06-11 18:07:04,094 - INFO - 使用图片：record\reference_image\3 (1).jpg，提示词：[左移,推进,右摇]
2025-06-11 18:07:04,827 - INFO - 页面加载完成
2025-06-11 18:07:17,281 - INFO - 使用图片：record\reference_image\2 (2).jpg，提示词：[拉远,上升,下摇]
2025-06-11 18:07:17,485 - INFO - 页面加载完成
2025-06-11 18:07:29,966 - INFO - 第 1 批完成，共执行 2 次
2025-06-11 18:07:29,967 - INFO - 等待 20 分钟以继续下一批...
